<?xml version="1.0" encoding="UTF-8"?>
<testng-results skipped="0" failed="0" total="2" passed="2">
  <reporter-output>
  </reporter-output>
  <suite name="Test Suite" duration-ms="61074" started-at="2019-10-18T13:42:16Z" finished-at="2019-10-18T13:43:17Z">
    <groups>
    </groups>
    <test name="Test 1" duration-ms="33189" started-at="2019-10-18T13:42:16Z" finished-at="2019-10-18T13:42:49Z">
      <class name="scenarios.MyStore_SignInWithRegisteredUserTest">
        <test-method status="PASS" signature="startTest(org.testng.ITestContext)[pri:0, instance:[MyStore_SignInWithRegisteredUserTest passed=0 failed=0 skipped=0]]" name="startTest" is-config="true" duration-ms="11349" started-at="2019-10-18T21:42:16Z" finished-at="2019-10-18T21:42:27Z">
          <params>
            <param index="0">
              <value>
                <![CDATA[org.testng.TestRunner@2ed94a8b]]>
              </value>
            </param>
          </params>
          <reporter-output>
          </reporter-output>
        </test-method> <!-- startTest -->
        <test-method status="PASS" signature="testScenario()[pri:0, instance:[MyStore_SignInWithRegisteredUserTest passed=0 failed=0 skipped=0]]" name="testScenario" duration-ms="19778" started-at="2019-10-18T21:42:28Z" finished-at="2019-10-18T21:42:47Z">
          <reporter-output>
          </reporter-output>
        </test-method> <!-- testScenario -->
        <test-method status="PASS" signature="endTest(org.testng.ITestContext)[pri:0, instance:[MyStore_SignInWithRegisteredUserTest passed=0 failed=0 skipped=0]]" name="endTest" is-config="true" duration-ms="1294" started-at="2019-10-18T21:42:48Z" finished-at="2019-10-18T21:42:49Z">
          <params>
            <param index="0">
              <value>
                <![CDATA[org.testng.TestRunner@2ed94a8b]]>
              </value>
            </param>
          </params>
          <reporter-output>
          </reporter-output>
        </test-method> <!-- endTest -->
      </class> <!-- scenarios.MyStore_SignInWithRegisteredUserTest -->
    </test> <!-- Test 1 -->
    <test name="Test 2" duration-ms="27143" started-at="2019-10-18T13:42:50Z" finished-at="2019-10-18T13:43:17Z">
      <class name="scenarios.MyStore_SignInWithUnRegisteredUserTest">
        <test-method status="PASS" signature="startTest(org.testng.ITestContext)[pri:0, instance:[MyStore_SignInWithUnRegisteredUserTest passed=0 failed=0 skipped=0]]" name="startTest" is-config="true" duration-ms="9585" started-at="2019-10-18T21:42:50Z" finished-at="2019-10-18T21:43:00Z">
          <params>
            <param index="0">
              <value>
                <![CDATA[org.testng.TestRunner@42d3bd8b]]>
              </value>
            </param>
          </params>
          <reporter-output>
          </reporter-output>
        </test-method> <!-- startTest -->
        <test-method status="PASS" signature="testScenario()[pri:0, instance:[MyStore_SignInWithUnRegisteredUserTest passed=0 failed=0 skipped=0]]" name="testScenario" duration-ms="16378" started-at="2019-10-18T21:43:00Z" finished-at="2019-10-18T21:43:16Z">
          <reporter-output>
          </reporter-output>
        </test-method> <!-- testScenario -->
        <test-method status="PASS" signature="endTest(org.testng.ITestContext)[pri:0, instance:[MyStore_SignInWithUnRegisteredUserTest passed=0 failed=0 skipped=0]]" name="endTest" is-config="true" duration-ms="1070" started-at="2019-10-18T21:43:16Z" finished-at="2019-10-18T21:43:17Z">
          <params>
            <param index="0">
              <value>
                <![CDATA[org.testng.TestRunner@42d3bd8b]]>
              </value>
            </param>
          </params>
          <reporter-output>
          </reporter-output>
        </test-method> <!-- endTest -->
      </class> <!-- scenarios.MyStore_SignInWithUnRegisteredUserTest -->
    </test> <!-- Test 2 -->
  </suite> <!-- Test Suite -->
</testng-results>
