<?xml version="1.0" encoding="UTF-8"?>
<testng-results skipped="0" failed="0" total="1" passed="1">
  <reporter-output>
  </reporter-output>
  <suite name="Default suite" duration-ms="23591" started-at="2022-07-25T03:52:23Z" finished-at="2022-07-25T03:52:47Z">
    <groups>
    </groups>
    <test name="Default test" duration-ms="23591" started-at="2022-07-25T03:52:23Z" finished-at="2022-07-25T03:52:47Z">
      <class name="scenarios.MyStore_SignInWithRegisteredUserTest">
        <test-method status="PASS" signature="startTest(org.testng.ITestContext)[pri:0, instance:[MyStore_SignInWithRegisteredUserTest passed=0 failed=0 skipped=0]]" name="startTest" is-config="true" duration-ms="7759" started-at="2022-07-25T11:52:23Z" finished-at="2022-07-25T11:52:31Z">
          <params>
            <param index="0">
              <value>
                <![CDATA[org.testng.TestRunner@16b3c905]]>
              </value>
            </param>
          </params>
          <reporter-output>
          </reporter-output>
        </test-method> <!-- startTest -->
        <test-method status="PASS" signature="testScenario()[pri:0, instance:[MyStore_SignInWithRegisteredUserTest passed=0 failed=0 skipped=0]]" name="testScenario" duration-ms="15054" started-at="2022-07-25T11:52:31Z" finished-at="2022-07-25T11:52:46Z">
          <reporter-output>
          </reporter-output>
        </test-method> <!-- testScenario -->
        <test-method status="PASS" signature="endTest(org.testng.ITestContext)[pri:0, instance:[MyStore_SignInWithRegisteredUserTest passed=0 failed=0 skipped=0]]" name="endTest" is-config="true" duration-ms="765" started-at="2022-07-25T11:52:46Z" finished-at="2022-07-25T11:52:47Z">
          <params>
            <param index="0">
              <value>
                <![CDATA[org.testng.TestRunner@16b3c905]]>
              </value>
            </param>
          </params>
          <reporter-output>
          </reporter-output>
        </test-method> <!-- endTest -->
      </class> <!-- scenarios.MyStore_SignInWithRegisteredUserTest -->
    </test> <!-- Default test -->
  </suite> <!-- Default suite -->
</testng-results>
